{"/Users/amirossanloo/Desktop/Sky in the sea/Internal/Packages/pkg-sits-node-manager/packages/node-service/src/core/app.ts": {"path":"/Users/amirossanloo/Desktop/Sky in the sea/Internal/Packages/pkg-sits-node-manager/packages/node-service/src/core/app.ts","statementMap":{"0":{"start":{"line":18,"column":18},"end":{"line":132,"column":1}},"1":{"start":{"line":19,"column":17},"end":{"line":19,"column":35}},"2":{"start":{"line":22,"column":2},"end":{"line":22,"column":null}},"3":{"start":{"line":23,"column":2},"end":{"line":23,"column":null}},"4":{"start":{"line":24,"column":2},"end":{"line":24,"column":null}},"5":{"start":{"line":29,"column":2},"end":{"line":42,"column":3}},"6":{"start":{"line":30,"column":4},"end":{"line":41,"column":null}},"7":{"start":{"line":45,"column":2},"end":{"line":51,"column":null}},"8":{"start":{"line":53,"column":2},"end":{"line":59,"column":null}},"9":{"start":{"line":62,"column":2},"end":{"line":81,"column":3}},"10":{"start":{"line":63,"column":4},"end":{"line":80,"column":null}},"11":{"start":{"line":83,"column":2},"end":{"line":83,"column":null}},"12":{"start":{"line":86,"column":2},"end":{"line":88,"column":3}},"13":{"start":{"line":87,"column":4},"end":{"line":87,"column":null}},"14":{"start":{"line":91,"column":2},"end":{"line":93,"column":null}},"15":{"start":{"line":92,"column":4},"end":{"line":92,"column":null}},"16":{"start":{"line":96,"column":2},"end":{"line":129,"column":3}},"17":{"start":{"line":97,"column":4},"end":{"line":128,"column":null}},"18":{"start":{"line":98,"column":24},"end":{"line":98,"column":34}},"19":{"start":{"line":99,"column":46},"end":{"line":99,"column":48}},"20":{"start":{"line":102,"column":6},"end":{"line":114,"column":7}},"21":{"start":{"line":103,"column":8},"end":{"line":113,"column":9}},"22":{"start":{"line":104,"column":33},"end":{"line":108,"column":null}},"23":{"start":{"line":105,"column":12},"end":{"line":107,"column":null}},"24":{"start":{"line":106,"column":20},"end":{"line":106,"column":61}},"25":{"start":{"line":110,"column":10},"end":{"line":110,"column":null}},"26":{"start":{"line":112,"column":10},"end":{"line":112,"column":null}},"27":{"start":{"line":116,"column":25},"end":{"line":116,"column":72}},"28":{"start":{"line":116,"column":65},"end":{"line":116,"column":71}},"29":{"start":{"line":117,"column":23},"end":{"line":125,"column":null}},"30":{"start":{"line":127,"column":6},"end":{"line":127,"column":null}},"31":{"start":{"line":131,"column":2},"end":{"line":131,"column":null}}},"fnMap":{"0":{"name":"(anonymous_0)","decl":{"start":{"line":18,"column":18},"end":{"line":18,"column":19}},"loc":{"start":{"line":18,"column":70},"end":{"line":132,"column":1}}},"1":{"name":"(anonymous_1)","decl":{"start":{"line":91,"column":19},"end":{"line":91,"column":20}},"loc":{"start":{"line":91,"column":32},"end":{"line":93,"column":3}}},"2":{"name":"(anonymous_2)","decl":{"start":{"line":97,"column":40},"end":{"line":97,"column":45}},"loc":{"start":{"line":97,"column":59},"end":{"line":128,"column":5}}},"3":{"name":"(anonymous_3)","decl":{"start":{"line":104,"column":54},"end":{"line":104,"column":55}},"loc":{"start":{"line":105,"column":12},"end":{"line":107,"column":null}}},"4":{"name":"(anonymous_4)","decl":{"start":{"line":106,"column":14},"end":{"line":106,"column":17}},"loc":{"start":{"line":106,"column":20},"end":{"line":106,"column":61}}},"5":{"name":"(anonymous_5)","decl":{"start":{"line":116,"column":53},"end":{"line":116,"column":54}},"loc":{"start":{"line":116,"column":65},"end":{"line":116,"column":71}}}},"branchMap":{"0":{"loc":{"start":{"line":29,"column":2},"end":{"line":42,"column":3}},"type":"if","locations":[{"start":{"line":29,"column":2},"end":{"line":42,"column":3}}]},"1":{"loc":{"start":{"line":62,"column":2},"end":{"line":81,"column":3}},"type":"if","locations":[{"start":{"line":62,"column":2},"end":{"line":81,"column":3}}]},"2":{"loc":{"start":{"line":86,"column":2},"end":{"line":88,"column":3}},"type":"if","locations":[{"start":{"line":86,"column":2},"end":{"line":88,"column":3}}]},"3":{"loc":{"start":{"line":96,"column":2},"end":{"line":129,"column":3}},"type":"if","locations":[{"start":{"line":96,"column":2},"end":{"line":129,"column":3}}]},"4":{"loc":{"start":{"line":118,"column":16},"end":{"line":118,"column":43}},"type":"cond-expr","locations":[{"start":{"line":118,"column":29},"end":{"line":118,"column":33}},{"start":{"line":118,"column":36},"end":{"line":118,"column":43}}]},"5":{"loc":{"start":{"line":127,"column":17},"end":{"line":127,"column":39}},"type":"cond-expr","locations":[{"start":{"line":127,"column":30},"end":{"line":127,"column":33}},{"start":{"line":127,"column":36},"end":{"line":127,"column":39}}]}},"s":{"0":0,"1":0,"2":0,"3":0,"4":0,"5":0,"6":0,"7":0,"8":0,"9":0,"10":0,"11":0,"12":0,"13":0,"14":0,"15":0,"16":0,"17":0,"18":0,"19":0,"20":0,"21":0,"22":0,"23":0,"24":0,"25":0,"26":0,"27":0,"28":0,"29":0,"30":0,"31":0},"f":{"0":0,"1":0,"2":0,"3":0,"4":0,"5":0},"b":{"0":[0],"1":[0],"2":[0],"3":[0],"4":[0,0],"5":[0,0]}}
,"/Users/amirossanloo/Desktop/Sky in the sea/Internal/Packages/pkg-sits-node-manager/packages/node-service/src/core/boot.ts": {"path":"/Users/amirossanloo/Desktop/Sky in the sea/Internal/Packages/pkg-sits-node-manager/packages/node-service/src/core/boot.ts","statementMap":{"0":{"start":{"line":8,"column":19},"end":{"line":8,"column":61}},"1":{"start":{"line":16,"column":16},"end":{"line":64,"column":1}},"2":{"start":{"line":17,"column":17},"end":{"line":17,"column":35}},"3":{"start":{"line":18,"column":21},"end":{"line":18,"column":83}},"4":{"start":{"line":20,"column":27},"end":{"line":24,"column":4}},"5":{"start":{"line":26,"column":26},"end":{"line":26,"column":28}},"6":{"start":{"line":28,"column":2},"end":{"line":43,"column":null}},"7":{"start":{"line":29,"column":21},"end":{"line":29,"column":48}},"8":{"start":{"line":31,"column":20},"end":{"line":39,"column":5}},"9":{"start":{"line":32,"column":6},"end":{"line":38,"column":7}},"10":{"start":{"line":33,"column":8},"end":{"line":33,"column":null}},"11":{"start":{"line":34,"column":8},"end":{"line":34,"column":null}},"12":{"start":{"line":36,"column":8},"end":{"line":36,"column":null}},"13":{"start":{"line":37,"column":8},"end":{"line":37,"column":null}},"14":{"start":{"line":41,"column":4},"end":{"line":41,"column":null}},"15":{"start":{"line":42,"column":4},"end":{"line":42,"column":null}},"16":{"start":{"line":46,"column":22},"end":{"line":46,"column":53}},"17":{"start":{"line":48,"column":2},"end":{"line":63,"column":null}},"18":{"start":{"line":49,"column":21},"end":{"line":49,"column":48}},"19":{"start":{"line":51,"column":20},"end":{"line":59,"column":5}},"20":{"start":{"line":52,"column":6},"end":{"line":58,"column":7}},"21":{"start":{"line":53,"column":8},"end":{"line":53,"column":null}},"22":{"start":{"line":54,"column":8},"end":{"line":54,"column":null}},"23":{"start":{"line":56,"column":8},"end":{"line":56,"column":null}},"24":{"start":{"line":57,"column":8},"end":{"line":57,"column":null}},"25":{"start":{"line":61,"column":4},"end":{"line":61,"column":null}},"26":{"start":{"line":62,"column":4},"end":{"line":62,"column":null}}},"fnMap":{"0":{"name":"(anonymous_0)","decl":{"start":{"line":16,"column":16},"end":{"line":16,"column":21}},"loc":{"start":{"line":16,"column":69},"end":{"line":64,"column":1}}},"1":{"name":"(anonymous_1)","decl":{"start":{"line":28,"column":21},"end":{"line":28,"column":22}},"loc":{"start":{"line":28,"column":35},"end":{"line":43,"column":3}}},"2":{"name":"(anonymous_2)","decl":{"start":{"line":31,"column":20},"end":{"line":31,"column":25}},"loc":{"start":{"line":31,"column":43},"end":{"line":39,"column":5}}},"3":{"name":"(anonymous_3)","decl":{"start":{"line":48,"column":22},"end":{"line":48,"column":23}},"loc":{"start":{"line":48,"column":36},"end":{"line":63,"column":3}}},"4":{"name":"(anonymous_4)","decl":{"start":{"line":51,"column":20},"end":{"line":51,"column":25}},"loc":{"start":{"line":51,"column":43},"end":{"line":59,"column":5}}}},"branchMap":{},"s":{"0":0,"1":0,"2":0,"3":0,"4":0,"5":0,"6":0,"7":0,"8":0,"9":0,"10":0,"11":0,"12":0,"13":0,"14":0,"15":0,"16":0,"17":0,"18":0,"19":0,"20":0,"21":0,"22":0,"23":0,"24":0,"25":0,"26":0},"f":{"0":0,"1":0,"2":0,"3":0,"4":0},"b":{}}
,"/Users/amirossanloo/Desktop/Sky in the sea/Internal/Packages/pkg-sits-node-manager/packages/node-service/src/core/config.ts": {"path":"/Users/amirossanloo/Desktop/Sky in the sea/Internal/Packages/pkg-sits-node-manager/packages/node-service/src/core/config.ts","statementMap":{"0":{"start":{"line":7,"column":39},"end":{"line":143,"column":2}},"1":{"start":{"line":154,"column":2},"end":{"line":164,"column":3}},"2":{"start":{"line":156,"column":22},"end":{"line":156,"column":35}},"3":{"start":{"line":159,"column":4},"end":{"line":159,"column":null}},"4":{"start":{"line":162,"column":4},"end":{"line":162,"column":null}},"5":{"start":{"line":163,"column":4},"end":{"line":163,"column":null}},"6":{"start":{"line":171,"column":16},"end":{"line":171,"column":31}},"7":{"start":{"line":172,"column":19},"end":{"line":172,"column":37}},"8":{"start":{"line":174,"column":2},"end":{"line":180,"column":3}},"9":{"start":{"line":175,"column":4},"end":{"line":179,"column":5}},"10":{"start":{"line":176,"column":6},"end":{"line":176,"column":null}},"11":{"start":{"line":178,"column":6},"end":{"line":178,"column":null}},"12":{"start":{"line":182,"column":2},"end":{"line":182,"column":null}},"13":{"start":{"line":186,"column":29},"end":{"line":186,"column":62}}},"fnMap":{"0":{"name":"getServiceConfig","decl":{"start":{"line":153,"column":16},"end":{"line":153,"column":32}},"loc":{"start":{"line":153,"column":32},"end":{"line":165,"column":1}}},"1":{"name":"getConfigValue","decl":{"start":{"line":170,"column":16},"end":{"line":170,"column":30}},"loc":{"start":{"line":170,"column":63},"end":{"line":183,"column":1}}}},"branchMap":{"0":{"loc":{"start":{"line":175,"column":4},"end":{"line":179,"column":5}},"type":"if","locations":[{"start":{"line":175,"column":4},"end":{"line":179,"column":5}},{"start":{"line":177,"column":11},"end":{"line":179,"column":5}}]},"1":{"loc":{"start":{"line":175,"column":8},"end":{"line":175,"column":59}},"type":"binary-expr","locations":[{"start":{"line":175,"column":8},"end":{"line":175,"column":13}},{"start":{"line":175,"column":17},"end":{"line":175,"column":42}},{"start":{"line":175,"column":46},"end":{"line":175,"column":59}}]}},"s":{"0":0,"1":0,"2":0,"3":0,"4":0,"5":0,"6":0,"7":0,"8":0,"9":0,"10":0,"11":0,"12":0,"13":0},"f":{"0":0,"1":0},"b":{"0":[0,0],"1":[0,0,0]}}
,"/Users/amirossanloo/Desktop/Sky in the sea/Internal/Packages/pkg-sits-node-manager/packages/node-service/src/core/server.ts": {"path":"/Users/amirossanloo/Desktop/Sky in the sea/Internal/Packages/pkg-sits-node-manager/packages/node-service/src/core/server.ts","statementMap":{"0":{"start":{"line":16,"column":21},"end":{"line":84,"column":1}},"1":{"start":{"line":17,"column":2},"end":{"line":19,"column":3}},"2":{"start":{"line":18,"column":4},"end":{"line":18,"column":null}},"3":{"start":{"line":21,"column":17},"end":{"line":21,"column":39}},"4":{"start":{"line":22,"column":17},"end":{"line":22,"column":23}},"5":{"start":{"line":24,"column":2},"end":{"line":28,"column":null}},"6":{"start":{"line":25,"column":4},"end":{"line":27,"column":null}},"7":{"start":{"line":26,"column":6},"end":{"line":26,"column":null}},"8":{"start":{"line":30,"column":2},"end":{"line":41,"column":null}},"9":{"start":{"line":31,"column":4},"end":{"line":40,"column":5}},"10":{"start":{"line":33,"column":8},"end":{"line":33,"column":null}},"11":{"start":{"line":34,"column":8},"end":{"line":34,"column":13}},"12":{"start":{"line":36,"column":8},"end":{"line":36,"column":null}},"13":{"start":{"line":37,"column":8},"end":{"line":37,"column":13}},"14":{"start":{"line":39,"column":8},"end":{"line":39,"column":null}},"15":{"start":{"line":43,"column":22},"end":{"line":71,"column":3}},"16":{"start":{"line":44,"column":4},"end":{"line":70,"column":null}},"17":{"start":{"line":45,"column":6},"end":{"line":67,"column":null}},"18":{"start":{"line":46,"column":24},"end":{"line":46,"column":55}},"19":{"start":{"line":49,"column":8},"end":{"line":64,"column":9}},"20":{"start":{"line":50,"column":10},"end":{"line":61,"column":11}},"21":{"start":{"line":53,"column":14},"end":{"line":53,"column":null}},"22":{"start":{"line":54,"column":14},"end":{"line":54,"column":19}},"23":{"start":{"line":57,"column":14},"end":{"line":57,"column":null}},"24":{"start":{"line":58,"column":14},"end":{"line":58,"column":19}},"25":{"start":{"line":60,"column":14},"end":{"line":60,"column":null}},"26":{"start":{"line":63,"column":10},"end":{"line":63,"column":null}},"27":{"start":{"line":66,"column":8},"end":{"line":66,"column":null}},"28":{"start":{"line":69,"column":6},"end":{"line":69,"column":null}},"29":{"start":{"line":73,"column":2},"end":{"line":81,"column":3}},"30":{"start":{"line":74,"column":17},"end":{"line":74,"column":36}},"31":{"start":{"line":76,"column":4},"end":{"line":76,"column":null}},"32":{"start":{"line":77,"column":4},"end":{"line":77,"column":null}},"33":{"start":{"line":79,"column":4},"end":{"line":79,"column":null}},"34":{"start":{"line":80,"column":4},"end":{"line":80,"column":null}},"35":{"start":{"line":83,"column":2},"end":{"line":83,"column":null}}},"fnMap":{"0":{"name":"(anonymous_0)","decl":{"start":{"line":16,"column":21},"end":{"line":16,"column":26}},"loc":{"start":{"line":16,"column":67},"end":{"line":84,"column":1}}},"1":{"name":"(anonymous_1)","decl":{"start":{"line":24,"column":26},"end":{"line":24,"column":27}},"loc":{"start":{"line":24,"column":37},"end":{"line":28,"column":3}}},"2":{"name":"(anonymous_2)","decl":{"start":{"line":25,"column":23},"end":{"line":25,"column":24}},"loc":{"start":{"line":25,"column":33},"end":{"line":27,"column":5}}},"3":{"name":"(anonymous_3)","decl":{"start":{"line":30,"column":21},"end":{"line":30,"column":22}},"loc":{"start":{"line":30,"column":44},"end":{"line":41,"column":3}}},"4":{"name":"(anonymous_4)","decl":{"start":{"line":43,"column":22},"end":{"line":43,"column":25}},"loc":{"start":{"line":43,"column":27},"end":{"line":71,"column":3}}},"5":{"name":"(anonymous_5)","decl":{"start":{"line":44,"column":31},"end":{"line":44,"column":32}},"loc":{"start":{"line":44,"column":51},"end":{"line":70,"column":5}}},"6":{"name":"(anonymous_6)","decl":{"start":{"line":45,"column":26},"end":{"line":45,"column":29}},"loc":{"start":{"line":45,"column":31},"end":{"line":67,"column":7}}}},"branchMap":{"0":{"loc":{"start":{"line":17,"column":2},"end":{"line":19,"column":3}},"type":"if","locations":[{"start":{"line":17,"column":2},"end":{"line":19,"column":3}}]},"1":{"loc":{"start":{"line":31,"column":4},"end":{"line":40,"column":5}},"type":"switch","locations":[{"start":{"line":32,"column":6},"end":{"line":34,"column":13}},{"start":{"line":35,"column":6},"end":{"line":37,"column":13}},{"start":{"line":38,"column":6},"end":{"line":39,"column":null}}]},"2":{"loc":{"start":{"line":49,"column":8},"end":{"line":64,"column":9}},"type":"if","locations":[{"start":{"line":49,"column":8},"end":{"line":64,"column":9}},{"start":{"line":62,"column":15},"end":{"line":64,"column":9}}]},"3":{"loc":{"start":{"line":50,"column":10},"end":{"line":61,"column":11}},"type":"switch","locations":[{"start":{"line":51,"column":12},"end":{"line":51,"column":22}},{"start":{"line":52,"column":12},"end":{"line":54,"column":19}},{"start":{"line":55,"column":12},"end":{"line":55,"column":27}},{"start":{"line":56,"column":12},"end":{"line":58,"column":19}},{"start":{"line":59,"column":12},"end":{"line":60,"column":null}}]},"4":{"loc":{"start":{"line":60,"column":21},"end":{"line":60,"column":93}},"type":"cond-expr","locations":[{"start":{"line":60,"column":53},"end":{"line":60,"column":75}},{"start":{"line":60,"column":78},"end":{"line":60,"column":93}}]}},"s":{"0":1,"1":1,"2":0,"3":1,"4":1,"5":1,"6":1,"7":0,"8":1,"9":0,"10":0,"11":0,"12":0,"13":0,"14":0,"15":1,"16":1,"17":1,"18":1,"19":1,"20":1,"21":1,"22":1,"23":0,"24":0,"25":0,"26":0,"27":1,"28":1,"29":1,"30":1,"31":1,"32":1,"33":0,"34":0,"35":1},"f":{"0":1,"1":1,"2":0,"3":0,"4":1,"5":1,"6":1},"b":{"0":[0],"1":[0,0,0],"2":[1,0],"3":[1,1,0,0,0],"4":[0,0]}}
,"/Users/amirossanloo/Desktop/Sky in the sea/Internal/Packages/pkg-sits-node-manager/packages/node-service/src/core/service.ts": {"path":"/Users/amirossanloo/Desktop/Sky in the sea/Internal/Packages/pkg-sits-node-manager/packages/node-service/src/core/service.ts","statementMap":{"0":{"start":{"line":20,"column":14},"end":{"line":23,"column":null}},"1":{"start":{"line":33,"column":20},"end":{"line":87,"column":1}},"2":{"start":{"line":34,"column":21},"end":{"line":34,"column":30}},"3":{"start":{"line":36,"column":16},"end":{"line":80,"column":3}},"4":{"start":{"line":37,"column":4},"end":{"line":39,"column":5}},"5":{"start":{"line":38,"column":6},"end":{"line":38,"column":null}},"6":{"start":{"line":41,"column":4},"end":{"line":41,"column":null}},"7":{"start":{"line":43,"column":16},"end":{"line":45,"column":6}},"8":{"start":{"line":48,"column":4},"end":{"line":50,"column":5}},"9":{"start":{"line":49,"column":6},"end":{"line":49,"column":null}},"10":{"start":{"line":52,"column":19},"end":{"line":68,"column":5}},"11":{"start":{"line":53,"column":6},"end":{"line":55,"column":7}},"12":{"start":{"line":54,"column":8},"end":{"line":54,"column":null}},"13":{"start":{"line":57,"column":6},"end":{"line":57,"column":null}},"14":{"start":{"line":59,"column":31},"end":{"line":61,"column":7}},"15":{"start":{"line":60,"column":8},"end":{"line":60,"column":null}},"16":{"start":{"line":63,"column":6},"end":{"line":67,"column":null}},"17":{"start":{"line":70,"column":16},"end":{"line":75,"column":5}},"18":{"start":{"line":71,"column":6},"end":{"line":74,"column":null}},"19":{"start":{"line":72,"column":8},"end":{"line":72,"column":null}},"20":{"start":{"line":73,"column":8},"end":{"line":73,"column":null}},"21":{"start":{"line":77,"column":4},"end":{"line":79,"column":null}},"22":{"start":{"line":82,"column":2},"end":{"line":86,"column":null}}},"fnMap":{"0":{"name":"(anonymous_0)","decl":{"start":{"line":33,"column":20},"end":{"line":33,"column":42}},"loc":{"start":{"line":33,"column":44},"end":{"line":87,"column":1}}},"1":{"name":"(anonymous_1)","decl":{"start":{"line":36,"column":16},"end":{"line":36,"column":21}},"loc":{"start":{"line":36,"column":65},"end":{"line":80,"column":3}}},"2":{"name":"(anonymous_2)","decl":{"start":{"line":52,"column":19},"end":{"line":52,"column":24}},"loc":{"start":{"line":52,"column":108},"end":{"line":68,"column":5}}},"3":{"name":"(anonymous_3)","decl":{"start":{"line":59,"column":31},"end":{"line":59,"column":36}},"loc":{"start":{"line":59,"column":42},"end":{"line":61,"column":7}}},"4":{"name":"(anonymous_4)","decl":{"start":{"line":70,"column":16},"end":{"line":70,"column":17}},"loc":{"start":{"line":70,"column":30},"end":{"line":75,"column":5}}},"5":{"name":"(anonymous_5)","decl":{"start":{"line":71,"column":25},"end":{"line":71,"column":26}},"loc":{"start":{"line":71,"column":35},"end":{"line":74,"column":7}}}},"branchMap":{"0":{"loc":{"start":{"line":36,"column":23},"end":{"line":36,"column":61}},"type":"default-arg","locations":[{"start":{"line":36,"column":59},"end":{"line":36,"column":61}}]},"1":{"loc":{"start":{"line":37,"column":4},"end":{"line":39,"column":5}},"type":"if","locations":[{"start":{"line":37,"column":4},"end":{"line":39,"column":5}}]},"2":{"loc":{"start":{"line":48,"column":4},"end":{"line":50,"column":5}},"type":"if","locations":[{"start":{"line":48,"column":4},"end":{"line":50,"column":5}}]},"3":{"loc":{"start":{"line":52,"column":26},"end":{"line":52,"column":104}},"type":"default-arg","locations":[{"start":{"line":52,"column":102},"end":{"line":52,"column":104}}]},"4":{"loc":{"start":{"line":53,"column":6},"end":{"line":55,"column":7}},"type":"if","locations":[{"start":{"line":53,"column":6},"end":{"line":55,"column":7}}]},"5":{"loc":{"start":{"line":60,"column":27},"end":{"line":60,"column":81}},"type":"cond-expr","locations":[{"start":{"line":60,"column":51},"end":{"line":60,"column":74}},{"start":{"line":60,"column":77},"end":{"line":60,"column":81}}]},"6":{"loc":{"start":{"line":70,"column":17},"end":{"line":70,"column":26}},"type":"default-arg","locations":[{"start":{"line":70,"column":24},"end":{"line":70,"column":26}}]}},"s":{"0":0,"1":0,"2":0,"3":0,"4":0,"5":0,"6":0,"7":0,"8":0,"9":0,"10":0,"11":0,"12":0,"13":0,"14":0,"15":0,"16":0,"17":0,"18":0,"19":0,"20":0,"21":0,"22":0},"f":{"0":0,"1":0,"2":0,"3":0,"4":0,"5":0},"b":{"0":[0],"1":[0],"2":[0],"3":[0],"4":[0],"5":[0,0],"6":[0]}}
,"/Users/amirossanloo/Desktop/Sky in the sea/Internal/Packages/pkg-sits-node-manager/packages/node-service/src/core/shutdown.ts": {"path":"/Users/amirossanloo/Desktop/Sky in the sea/Internal/Packages/pkg-sits-node-manager/packages/node-service/src/core/shutdown.ts","statementMap":{"0":{"start":{"line":13,"column":38},"end":{"line":56,"column":1}},"1":{"start":{"line":14,"column":2},"end":{"line":55,"column":null}},"2":{"start":{"line":15,"column":4},"end":{"line":54,"column":null}},"3":{"start":{"line":16,"column":6},"end":{"line":33,"column":7}},"4":{"start":{"line":18,"column":10},"end":{"line":18,"column":null}},"5":{"start":{"line":19,"column":10},"end":{"line":19,"column":15}},"6":{"start":{"line":21,"column":10},"end":{"line":21,"column":null}},"7":{"start":{"line":22,"column":10},"end":{"line":22,"column":15}},"8":{"start":{"line":24,"column":10},"end":{"line":24,"column":null}},"9":{"start":{"line":25,"column":10},"end":{"line":25,"column":15}},"10":{"start":{"line":29,"column":10},"end":{"line":29,"column":null}},"11":{"start":{"line":30,"column":10},"end":{"line":30,"column":15}},"12":{"start":{"line":32,"column":10},"end":{"line":32,"column":null}},"13":{"start":{"line":35,"column":6},"end":{"line":35,"column":null}},"14":{"start":{"line":37,"column":29},"end":{"line":51,"column":7}},"15":{"start":{"line":38,"column":8},"end":{"line":50,"column":null}},"16":{"start":{"line":39,"column":10},"end":{"line":41,"column":11}},"17":{"start":{"line":40,"column":12},"end":{"line":40,"column":null}},"18":{"start":{"line":43,"column":10},"end":{"line":47,"column":11}},"19":{"start":{"line":44,"column":12},"end":{"line":44,"column":null}},"20":{"start":{"line":46,"column":12},"end":{"line":46,"column":null}},"21":{"start":{"line":49,"column":10},"end":{"line":49,"column":null}},"22":{"start":{"line":53,"column":6},"end":{"line":53,"column":null}}},"fnMap":{"0":{"name":"(anonymous_0)","decl":{"start":{"line":13,"column":38},"end":{"line":13,"column":39}},"loc":{"start":{"line":13,"column":97},"end":{"line":56,"column":1}}},"1":{"name":"(anonymous_1)","decl":{"start":{"line":14,"column":9},"end":{"line":14,"column":10}},"loc":{"start":{"line":14,"column":56},"end":{"line":55,"column":3}}},"2":{"name":"(anonymous_2)","decl":{"start":{"line":15,"column":11},"end":{"line":15,"column":16}},"loc":{"start":{"line":15,"column":44},"end":{"line":54,"column":5}}},"3":{"name":"(anonymous_3)","decl":{"start":{"line":37,"column":29},"end":{"line":37,"column":30}},"loc":{"start":{"line":37,"column":53},"end":{"line":51,"column":7}}},"4":{"name":"(anonymous_4)","decl":{"start":{"line":38,"column":21},"end":{"line":38,"column":26}},"loc":{"start":{"line":38,"column":37},"end":{"line":50,"column":9}}}},"branchMap":{"0":{"loc":{"start":{"line":16,"column":6},"end":{"line":33,"column":7}},"type":"switch","locations":[{"start":{"line":17,"column":8},"end":{"line":19,"column":15}},{"start":{"line":20,"column":8},"end":{"line":22,"column":15}},{"start":{"line":23,"column":8},"end":{"line":25,"column":15}},{"start":{"line":26,"column":8},"end":{"line":26,"column":22}},{"start":{"line":27,"column":8},"end":{"line":27,"column":23}},{"start":{"line":28,"column":8},"end":{"line":30,"column":15}},{"start":{"line":31,"column":8},"end":{"line":32,"column":null}}]},"1":{"loc":{"start":{"line":39,"column":10},"end":{"line":41,"column":11}},"type":"if","locations":[{"start":{"line":39,"column":10},"end":{"line":41,"column":11}}]}},"s":{"0":1,"1":1,"2":1,"3":1,"4":0,"5":0,"6":0,"7":0,"8":0,"9":0,"10":1,"11":1,"12":0,"13":1,"14":1,"15":1,"16":1,"17":0,"18":1,"19":1,"20":0,"21":1,"22":1},"f":{"0":1,"1":1,"2":1,"3":1,"4":1},"b":{"0":[0,0,0,0,1,1,0],"1":[0]}}
,"/Users/amirossanloo/Desktop/Sky in the sea/Internal/Packages/pkg-sits-node-manager/packages/node-service/src/errors/AuthenticationError.ts": {"path":"/Users/amirossanloo/Desktop/Sky in the sea/Internal/Packages/pkg-sits-node-manager/packages/node-service/src/errors/AuthenticationError.ts","statementMap":{"0":{"start":{"line":8,"column":4},"end":{"line":8,"column":null}},"1":{"start":{"line":9,"column":4},"end":{"line":9,"column":null}}},"fnMap":{"0":{"name":"(anonymous_0)","decl":{"start":{"line":7,"column":2},"end":{"line":7,"column":14}},"loc":{"start":{"line":7,"column":87},"end":{"line":10,"column":3}}}},"branchMap":{"0":{"loc":{"start":{"line":7,"column":14},"end":{"line":7,"column":57}},"type":"default-arg","locations":[{"start":{"line":7,"column":32},"end":{"line":7,"column":57}}]}},"s":{"0":2,"1":2},"f":{"0":2},"b":{"0":[1]}}
,"/Users/amirossanloo/Desktop/Sky in the sea/Internal/Packages/pkg-sits-node-manager/packages/node-service/src/errors/AuthorizationError.ts": {"path":"/Users/amirossanloo/Desktop/Sky in the sea/Internal/Packages/pkg-sits-node-manager/packages/node-service/src/errors/AuthorizationError.ts","statementMap":{"0":{"start":{"line":8,"column":4},"end":{"line":8,"column":null}},"1":{"start":{"line":9,"column":4},"end":{"line":9,"column":null}}},"fnMap":{"0":{"name":"(anonymous_0)","decl":{"start":{"line":7,"column":2},"end":{"line":7,"column":14}},"loc":{"start":{"line":7,"column":80},"end":{"line":10,"column":3}}}},"branchMap":{"0":{"loc":{"start":{"line":7,"column":14},"end":{"line":7,"column":50}},"type":"default-arg","locations":[{"start":{"line":7,"column":32},"end":{"line":7,"column":50}}]}},"s":{"0":2,"1":2},"f":{"0":2},"b":{"0":[1]}}
,"/Users/amirossanloo/Desktop/Sky in the sea/Internal/Packages/pkg-sits-node-manager/packages/node-service/src/errors/BasicError.ts": {"path":"/Users/amirossanloo/Desktop/Sky in the sea/Internal/Packages/pkg-sits-node-manager/packages/node-service/src/errors/BasicError.ts","statementMap":{"0":{"start":{"line":10,"column":4},"end":{"line":10,"column":null}},"1":{"start":{"line":11,"column":4},"end":{"line":11,"column":null}},"2":{"start":{"line":12,"column":4},"end":{"line":12,"column":null}},"3":{"start":{"line":13,"column":4},"end":{"line":13,"column":null}},"4":{"start":{"line":16,"column":4},"end":{"line":18,"column":5}},"5":{"start":{"line":17,"column":6},"end":{"line":17,"column":null}},"6":{"start":{"line":25,"column":4},"end":{"line":30,"column":null}}},"fnMap":{"0":{"name":"(anonymous_0)","decl":{"start":{"line":9,"column":2},"end":{"line":9,"column":14}},"loc":{"start":{"line":9,"column":81},"end":{"line":19,"column":3}}},"1":{"name":"(anonymous_1)","decl":{"start":{"line":24,"column":2},"end":{"line":24,"column":8}},"loc":{"start":{"line":24,"column":8},"end":{"line":31,"column":3}}}},"branchMap":{"0":{"loc":{"start":{"line":9,"column":31},"end":{"line":9,"column":51}},"type":"default-arg","locations":[{"start":{"line":9,"column":48},"end":{"line":9,"column":51}}]},"1":{"loc":{"start":{"line":16,"column":4},"end":{"line":18,"column":5}},"type":"if","locations":[{"start":{"line":16,"column":4},"end":{"line":18,"column":5}}]}},"s":{"0":18,"1":18,"2":18,"3":18,"4":18,"5":18,"6":1},"f":{"0":18,"1":1},"b":{"0":[1],"1":[18]}}
,"/Users/amirossanloo/Desktop/Sky in the sea/Internal/Packages/pkg-sits-node-manager/packages/node-service/src/errors/ConflictError.ts": {"path":"/Users/amirossanloo/Desktop/Sky in the sea/Internal/Packages/pkg-sits-node-manager/packages/node-service/src/errors/ConflictError.ts","statementMap":{"0":{"start":{"line":8,"column":4},"end":{"line":8,"column":null}},"1":{"start":{"line":9,"column":4},"end":{"line":9,"column":null}}},"fnMap":{"0":{"name":"(anonymous_0)","decl":{"start":{"line":7,"column":2},"end":{"line":7,"column":14}},"loc":{"start":{"line":7,"column":81},"end":{"line":10,"column":3}}}},"branchMap":{"0":{"loc":{"start":{"line":7,"column":14},"end":{"line":7,"column":51}},"type":"default-arg","locations":[{"start":{"line":7,"column":32},"end":{"line":7,"column":51}}]}},"s":{"0":2,"1":2},"f":{"0":2},"b":{"0":[1]}}
,"/Users/amirossanloo/Desktop/Sky in the sea/Internal/Packages/pkg-sits-node-manager/packages/node-service/src/errors/NotFoundError.ts": {"path":"/Users/amirossanloo/Desktop/Sky in the sea/Internal/Packages/pkg-sits-node-manager/packages/node-service/src/errors/NotFoundError.ts","statementMap":{"0":{"start":{"line":8,"column":4},"end":{"line":8,"column":null}},"1":{"start":{"line":9,"column":4},"end":{"line":9,"column":null}}},"fnMap":{"0":{"name":"(anonymous_0)","decl":{"start":{"line":7,"column":2},"end":{"line":7,"column":14}},"loc":{"start":{"line":7,"column":82},"end":{"line":10,"column":3}}}},"branchMap":{"0":{"loc":{"start":{"line":7,"column":14},"end":{"line":7,"column":52}},"type":"default-arg","locations":[{"start":{"line":7,"column":32},"end":{"line":7,"column":52}}]}},"s":{"0":2,"1":2},"f":{"0":2},"b":{"0":[1]}}
,"/Users/amirossanloo/Desktop/Sky in the sea/Internal/Packages/pkg-sits-node-manager/packages/node-service/src/errors/ValidationError.ts": {"path":"/Users/amirossanloo/Desktop/Sky in the sea/Internal/Packages/pkg-sits-node-manager/packages/node-service/src/errors/ValidationError.ts","statementMap":{"0":{"start":{"line":8,"column":4},"end":{"line":8,"column":null}},"1":{"start":{"line":9,"column":4},"end":{"line":9,"column":null}}},"fnMap":{"0":{"name":"(anonymous_0)","decl":{"start":{"line":7,"column":2},"end":{"line":7,"column":14}},"loc":{"start":{"line":7,"column":59},"end":{"line":10,"column":3}}}},"branchMap":{},"s":{"0":6,"1":6},"f":{"0":6},"b":{}}
,"/Users/amirossanloo/Desktop/Sky in the sea/Internal/Packages/pkg-sits-node-manager/packages/node-service/src/middleware/auth/auth.ts": {"path":"/Users/amirossanloo/Desktop/Sky in the sea/Internal/Packages/pkg-sits-node-manager/packages/node-service/src/middleware/auth/auth.ts","statementMap":{"0":{"start":{"line":8,"column":23},"end":{"line":39,"column":1}},"1":{"start":{"line":8,"column":29},"end":{"line":39,"column":1}},"2":{"start":{"line":9,"column":2},"end":{"line":11,"column":3}},"3":{"start":{"line":10,"column":4},"end":{"line":10,"column":null}},"4":{"start":{"line":13,"column":26},"end":{"line":13,"column":48}},"5":{"start":{"line":14,"column":20},"end":{"line":14,"column":79}},"6":{"start":{"line":16,"column":2},"end":{"line":38,"column":3}},"7":{"start":{"line":17,"column":4},"end":{"line":19,"column":5}},"8":{"start":{"line":18,"column":6},"end":{"line":18,"column":null}},"9":{"start":{"line":21,"column":18},"end":{"line":21,"column":40}},"10":{"start":{"line":22,"column":25},"end":{"line":22,"column":71}},"11":{"start":{"line":24,"column":4},"end":{"line":26,"column":5}},"12":{"start":{"line":25,"column":6},"end":{"line":25,"column":null}},"13":{"start":{"line":28,"column":34},"end":{"line":28,"column":46}},"14":{"start":{"line":30,"column":4},"end":{"line":33,"column":null}},"15":{"start":{"line":35,"column":4},"end":{"line":35,"column":null}},"16":{"start":{"line":37,"column":4},"end":{"line":37,"column":null}}},"fnMap":{"0":{"name":"(anonymous_0)","decl":{"start":{"line":8,"column":23},"end":{"line":8,"column":26}},"loc":{"start":{"line":8,"column":29},"end":{"line":39,"column":1}}},"1":{"name":"(anonymous_1)","decl":{"start":{"line":8,"column":29},"end":{"line":8,"column":34}},"loc":{"start":{"line":8,"column":87},"end":{"line":39,"column":1}}}},"branchMap":{"0":{"loc":{"start":{"line":9,"column":2},"end":{"line":11,"column":3}},"type":"if","locations":[{"start":{"line":9,"column":2},"end":{"line":11,"column":3}}]},"1":{"loc":{"start":{"line":17,"column":4},"end":{"line":19,"column":5}},"type":"if","locations":[{"start":{"line":17,"column":4},"end":{"line":19,"column":5}}]},"2":{"loc":{"start":{"line":17,"column":8},"end":{"line":17,"column":53}},"type":"binary-expr","locations":[{"start":{"line":17,"column":8},"end":{"line":17,"column":18}},{"start":{"line":17,"column":22},"end":{"line":17,"column":53}}]},"3":{"loc":{"start":{"line":24,"column":4},"end":{"line":26,"column":5}},"type":"if","locations":[{"start":{"line":24,"column":4},"end":{"line":26,"column":5}}]},"4":{"loc":{"start":{"line":24,"column":8},"end":{"line":24,"column":57}},"type":"binary-expr","locations":[{"start":{"line":24,"column":8},"end":{"line":24,"column":21}},{"start":{"line":24,"column":25},"end":{"line":24,"column":57}}]}},"s":{"0":1,"1":6,"2":6,"3":1,"4":5,"5":5,"6":5,"7":5,"8":2,"9":3,"10":3,"11":2,"12":1,"13":1,"14":1,"15":1,"16":4},"f":{"0":6,"1":6},"b":{"0":[1],"1":[2],"2":[5,4],"3":[1],"4":[2,2]}}
,"/Users/amirossanloo/Desktop/Sky in the sea/Internal/Packages/pkg-sits-node-manager/packages/node-service/src/middleware/auth/isSecurePath.ts": {"path":"/Users/amirossanloo/Desktop/Sky in the sea/Internal/Packages/pkg-sits-node-manager/packages/node-service/src/middleware/auth/isSecurePath.ts","statementMap":{"0":{"start":{"line":5,"column":21},"end":{"line":19,"column":1}},"1":{"start":{"line":6,"column":22},"end":{"line":6,"column":48}},"2":{"start":{"line":7,"column":22},"end":{"line":7,"column":79}},"3":{"start":{"line":8,"column":24},"end":{"line":8,"column":83}},"4":{"start":{"line":11,"column":19},"end":{"line":11,"column":75}},"5":{"start":{"line":11,"column":46},"end":{"line":11,"column":74}},"6":{"start":{"line":14,"column":2},"end":{"line":16,"column":3}},"7":{"start":{"line":14,"column":47},"end":{"line":14,"column":75}},"8":{"start":{"line":15,"column":4},"end":{"line":15,"column":null}},"9":{"start":{"line":18,"column":2},"end":{"line":18,"column":null}}},"fnMap":{"0":{"name":"(anonymous_0)","decl":{"start":{"line":5,"column":21},"end":{"line":5,"column":22}},"loc":{"start":{"line":5,"column":38},"end":{"line":19,"column":1}}},"1":{"name":"(anonymous_1)","decl":{"start":{"line":11,"column":36},"end":{"line":11,"column":37}},"loc":{"start":{"line":11,"column":46},"end":{"line":11,"column":74}}},"2":{"name":"(anonymous_2)","decl":{"start":{"line":14,"column":37},"end":{"line":14,"column":38}},"loc":{"start":{"line":14,"column":47},"end":{"line":14,"column":75}}}},"branchMap":{"0":{"loc":{"start":{"line":14,"column":2},"end":{"line":16,"column":3}},"type":"if","locations":[{"start":{"line":14,"column":2},"end":{"line":16,"column":3}}]},"1":{"loc":{"start":{"line":14,"column":6},"end":{"line":14,"column":76}},"type":"binary-expr","locations":[{"start":{"line":14,"column":6},"end":{"line":14,"column":14}},{"start":{"line":14,"column":18},"end":{"line":14,"column":76}}]}},"s":{"0":1,"1":3,"2":3,"3":3,"4":3,"5":3,"6":3,"7":2,"8":1,"9":2},"f":{"0":3,"1":3,"2":2},"b":{"0":[1],"1":[3,2]}}
,"/Users/amirossanloo/Desktop/Sky in the sea/Internal/Packages/pkg-sits-node-manager/packages/node-service/src/middleware/error-handler/index.ts": {"path":"/Users/amirossanloo/Desktop/Sky in the sea/Internal/Packages/pkg-sits-node-manager/packages/node-service/src/middleware/error-handler/index.ts","statementMap":{"0":{"start":{"line":5,"column":31},"end":{"line":48,"column":1}},"1":{"start":{"line":11,"column":24},"end":{"line":11,"column":62}},"2":{"start":{"line":14,"column":2},"end":{"line":16,"column":3}},"3":{"start":{"line":15,"column":4},"end":{"line":15,"column":null}},"4":{"start":{"line":18,"column":2},"end":{"line":26,"column":null}},"5":{"start":{"line":29,"column":2},"end":{"line":38,"column":3}},"6":{"start":{"line":30,"column":4},"end":{"line":37,"column":null}},"7":{"start":{"line":41,"column":2},"end":{"line":47,"column":null}}},"fnMap":{"0":{"name":"(anonymous_0)","decl":{"start":{"line":5,"column":31},"end":{"line":5,"column":null}},"loc":{"start":{"line":10,"column":4},"end":{"line":48,"column":1}}}},"branchMap":{"0":{"loc":{"start":{"line":14,"column":2},"end":{"line":16,"column":3}},"type":"if","locations":[{"start":{"line":14,"column":2},"end":{"line":16,"column":3}}]},"1":{"loc":{"start":{"line":24,"column":13},"end":{"line":24,"column":52}},"type":"cond-expr","locations":[{"start":{"line":24,"column":29},"end":{"line":24,"column":40}},{"start":{"line":24,"column":43},"end":{"line":24,"column":52}}]},"2":{"loc":{"start":{"line":29,"column":2},"end":{"line":38,"column":3}},"type":"if","locations":[{"start":{"line":29,"column":2},"end":{"line":38,"column":3}}]},"3":{"loc":{"start":{"line":35,"column":15},"end":{"line":35,"column":54}},"type":"cond-expr","locations":[{"start":{"line":35,"column":31},"end":{"line":35,"column":42}},{"start":{"line":35,"column":45},"end":{"line":35,"column":54}}]},"4":{"loc":{"start":{"line":44,"column":15},"end":{"line":44,"column":77}},"type":"cond-expr","locations":[{"start":{"line":44,"column":31},"end":{"line":44,"column":44}},{"start":{"line":44,"column":47},"end":{"line":44,"column":77}}]},"5":{"loc":{"start":{"line":45,"column":13},"end":{"line":45,"column":52}},"type":"cond-expr","locations":[{"start":{"line":45,"column":29},"end":{"line":45,"column":40}},{"start":{"line":45,"column":43},"end":{"line":45,"column":52}}]}},"s":{"0":0,"1":0,"2":0,"3":0,"4":0,"5":0,"6":0,"7":0},"f":{"0":0},"b":{"0":[0],"1":[0,0],"2":[0],"3":[0,0],"4":[0,0],"5":[0,0]}}
,"/Users/amirossanloo/Desktop/Sky in the sea/Internal/Packages/pkg-sits-node-manager/packages/node-service/src/middleware/logging/context.ts": {"path":"/Users/amirossanloo/Desktop/Sky in the sea/Internal/Packages/pkg-sits-node-manager/packages/node-service/src/middleware/logging/context.ts","statementMap":{"0":{"start":{"line":4,"column":26},"end":{"line":9,"column":1}},"1":{"start":{"line":4,"column":32},"end":{"line":9,"column":1}},"2":{"start":{"line":5,"column":26},"end":{"line":5,"column":48}},"3":{"start":{"line":6,"column":2},"end":{"line":6,"column":null}},"4":{"start":{"line":8,"column":2},"end":{"line":8,"column":null}}},"fnMap":{"0":{"name":"(anonymous_0)","decl":{"start":{"line":4,"column":26},"end":{"line":4,"column":29}},"loc":{"start":{"line":4,"column":32},"end":{"line":9,"column":1}}},"1":{"name":"(anonymous_1)","decl":{"start":{"line":4,"column":32},"end":{"line":4,"column":33}},"loc":{"start":{"line":4,"column":84},"end":{"line":9,"column":1}}}},"branchMap":{"0":{"loc":{"start":{"line":6,"column":28},"end":{"line":6,"column":57}},"type":"binary-expr","locations":[{"start":{"line":6,"column":28},"end":{"line":6,"column":51}},{"start":{"line":6,"column":55},"end":{"line":6,"column":57}}]}},"s":{"0":0,"1":0,"2":0,"3":0,"4":0},"f":{"0":0,"1":0},"b":{"0":[0,0]}}
,"/Users/amirossanloo/Desktop/Sky in the sea/Internal/Packages/pkg-sits-node-manager/packages/node-service/src/middleware/logging/correlation-id.ts": {"path":"/Users/amirossanloo/Desktop/Sky in the sea/Internal/Packages/pkg-sits-node-manager/packages/node-service/src/middleware/logging/correlation-id.ts","statementMap":{"0":{"start":{"line":6,"column":30},"end":{"line":6,"column":46}},"1":{"start":{"line":8,"column":32},"end":{"line":16,"column":1}},"2":{"start":{"line":8,"column":38},"end":{"line":16,"column":1}},"3":{"start":{"line":9,"column":24},"end":{"line":9,"column":71}},"4":{"start":{"line":10,"column":26},"end":{"line":10,"column":48}},"5":{"start":{"line":11,"column":2},"end":{"line":11,"column":null}},"6":{"start":{"line":13,"column":2},"end":{"line":13,"column":null}},"7":{"start":{"line":15,"column":2},"end":{"line":15,"column":null}}},"fnMap":{"0":{"name":"(anonymous_0)","decl":{"start":{"line":8,"column":32},"end":{"line":8,"column":35}},"loc":{"start":{"line":8,"column":38},"end":{"line":16,"column":1}}},"1":{"name":"(anonymous_1)","decl":{"start":{"line":8,"column":38},"end":{"line":8,"column":39}},"loc":{"start":{"line":8,"column":90},"end":{"line":16,"column":1}}}},"branchMap":{},"s":{"0":1,"1":1,"2":2,"3":2,"4":2,"5":2,"6":2,"7":2},"f":{"0":2,"1":2},"b":{}}
,"/Users/amirossanloo/Desktop/Sky in the sea/Internal/Packages/pkg-sits-node-manager/packages/node-service/src/middleware/logging/logger.ts": {"path":"/Users/amirossanloo/Desktop/Sky in the sea/Internal/Packages/pkg-sits-node-manager/packages/node-service/src/middleware/logging/logger.ts","statementMap":{"0":{"start":{"line":5,"column":25},"end":{"line":10,"column":1}},"1":{"start":{"line":5,"column":31},"end":{"line":10,"column":1}},"2":{"start":{"line":6,"column":26},"end":{"line":6,"column":48}},"3":{"start":{"line":7,"column":2},"end":{"line":7,"column":null}},"4":{"start":{"line":9,"column":2},"end":{"line":9,"column":null}}},"fnMap":{"0":{"name":"(anonymous_0)","decl":{"start":{"line":5,"column":25},"end":{"line":5,"column":28}},"loc":{"start":{"line":5,"column":31},"end":{"line":10,"column":1}}},"1":{"name":"(anonymous_1)","decl":{"start":{"line":5,"column":31},"end":{"line":5,"column":32}},"loc":{"start":{"line":5,"column":83},"end":{"line":10,"column":1}}}},"branchMap":{"0":{"loc":{"start":{"line":7,"column":27},"end":{"line":7,"column":59}},"type":"binary-expr","locations":[{"start":{"line":7,"column":27},"end":{"line":7,"column":49}},{"start":{"line":7,"column":53},"end":{"line":7,"column":59}}]}},"s":{"0":0,"1":0,"2":0,"3":0,"4":0},"f":{"0":0,"1":0},"b":{"0":[0,0]}}
,"/Users/amirossanloo/Desktop/Sky in the sea/Internal/Packages/pkg-sits-node-manager/packages/node-service/src/middleware/validation/schemas.ts": {"path":"/Users/amirossanloo/Desktop/Sky in the sea/Internal/Packages/pkg-sits-node-manager/packages/node-service/src/middleware/validation/schemas.ts","statementMap":{"0":{"start":{"line":8,"column":20},"end":{"line":8,"column":37}},"1":{"start":{"line":9,"column":21},"end":{"line":9,"column":39}},"2":{"start":{"line":10,"column":19},"end":{"line":10,"column":35}},"3":{"start":{"line":11,"column":24},"end":{"line":11,"column":45}},"4":{"start":{"line":12,"column":20},"end":{"line":12,"column":37}},"5":{"start":{"line":15,"column":27},"end":{"line":15,"column":54}},"6":{"start":{"line":16,"column":30},"end":{"line":16,"column":60}},"7":{"start":{"line":17,"column":20},"end":{"line":17,"column":54}},"8":{"start":{"line":20,"column":30},"end":{"line":22,"column":66}},"9":{"start":{"line":22,"column":20},"end":{"line":22,"column":65}},"10":{"start":{"line":24,"column":29},"end":{"line":32,"column":4}},"11":{"start":{"line":27,"column":16},"end":{"line":27,"column":63}},"12":{"start":{"line":28,"column":4},"end":{"line":30,"column":5}},"13":{"start":{"line":29,"column":6},"end":{"line":29,"column":null}},"14":{"start":{"line":31,"column":4},"end":{"line":31,"column":null}},"15":{"start":{"line":34,"column":26},"end":{"line":42,"column":4}},"16":{"start":{"line":37,"column":16},"end":{"line":37,"column":65}},"17":{"start":{"line":38,"column":4},"end":{"line":40,"column":5}},"18":{"start":{"line":39,"column":6},"end":{"line":39,"column":null}},"19":{"start":{"line":41,"column":4},"end":{"line":41,"column":null}},"20":{"start":{"line":45,"column":31},"end":{"line":56,"column":2}},"21":{"start":{"line":50,"column":2},"end":{"line":50,"column":null}},"22":{"start":{"line":50,"column":34},"end":{"line":50,"column":null}},"23":{"start":{"line":51,"column":2},"end":{"line":51,"column":null}},"24":{"start":{"line":51,"column":58},"end":{"line":51,"column":null}},"25":{"start":{"line":52,"column":2},"end":{"line":52,"column":null}},"26":{"start":{"line":52,"column":38},"end":{"line":52,"column":null}},"27":{"start":{"line":53,"column":2},"end":{"line":53,"column":null}},"28":{"start":{"line":59,"column":25},"end":{"line":59,"column":99}},"29":{"start":{"line":59,"column":81},"end":{"line":59,"column":98}},"30":{"start":{"line":61,"column":25},"end":{"line":64,"column":2}},"31":{"start":{"line":67,"column":23},"end":{"line":69,"column":2}},"32":{"start":{"line":71,"column":25},"end":{"line":73,"column":2}},"33":{"start":{"line":76,"column":27},"end":{"line":81,"column":null}},"34":{"start":{"line":80,"column":10},"end":{"line":80,"column":34}},"35":{"start":{"line":85,"column":30},"end":{"line":95,"column":null}},"36":{"start":{"line":90,"column":4},"end":{"line":92,"column":5}},"37":{"start":{"line":91,"column":6},"end":{"line":91,"column":null}},"38":{"start":{"line":93,"column":4},"end":{"line":93,"column":null}},"39":{"start":{"line":100,"column":2},"end":{"line":100,"column":null}},"40":{"start":{"line":105,"column":2},"end":{"line":105,"column":null}},"41":{"start":{"line":113,"column":16},"end":{"line":113,"column":41}},"42":{"start":{"line":114,"column":2},"end":{"line":116,"column":null}},"43":{"start":{"line":115,"column":4},"end":{"line":115,"column":null}},"44":{"start":{"line":117,"column":2},"end":{"line":117,"column":null}},"45":{"start":{"line":125,"column":16},"end":{"line":125,"column":35}},"46":{"start":{"line":126,"column":2},"end":{"line":128,"column":null}},"47":{"start":{"line":127,"column":4},"end":{"line":127,"column":null}},"48":{"start":{"line":129,"column":2},"end":{"line":129,"column":null}}},"fnMap":{"0":{"name":"(anonymous_0)","decl":{"start":{"line":22,"column":13},"end":{"line":22,"column":16}},"loc":{"start":{"line":22,"column":20},"end":{"line":22,"column":65}}},"1":{"name":"(anonymous_1)","decl":{"start":{"line":26,"column":13},"end":{"line":26,"column":16}},"loc":{"start":{"line":26,"column":19},"end":{"line":32,"column":3}}},"2":{"name":"(anonymous_2)","decl":{"start":{"line":36,"column":13},"end":{"line":36,"column":16}},"loc":{"start":{"line":36,"column":19},"end":{"line":42,"column":3}}},"3":{"name":"(anonymous_3)","decl":{"start":{"line":49,"column":10},"end":{"line":49,"column":14}},"loc":{"start":{"line":49,"column":17},"end":{"line":54,"column":1}}},"4":{"name":"(anonymous_4)","decl":{"start":{"line":59,"column":74},"end":{"line":59,"column":77}},"loc":{"start":{"line":59,"column":81},"end":{"line":59,"column":98}}},"5":{"name":"(anonymous_5)","decl":{"start":{"line":80,"column":2},"end":{"line":80,"column":6}},"loc":{"start":{"line":80,"column":10},"end":{"line":80,"column":34}}},"6":{"name":"(anonymous_6)","decl":{"start":{"line":89,"column":2},"end":{"line":89,"column":6}},"loc":{"start":{"line":89,"column":9},"end":{"line":94,"column":3}}},"7":{"name":"createSchema","decl":{"start":{"line":99,"column":16},"end":{"line":99,"column":28}},"loc":{"start":{"line":99,"column":62},"end":{"line":101,"column":1}}},"8":{"name":"partial","decl":{"start":{"line":104,"column":16},"end":{"line":104,"column":23}},"loc":{"start":{"line":104,"column":61},"end":{"line":106,"column":1}}},"9":{"name":"pick","decl":{"start":{"line":109,"column":16},"end":{"line":109,"column":20}},"loc":{"start":{"line":111,"column":11},"end":{"line":118,"column":1}}},"10":{"name":"(anonymous_10)","decl":{"start":{"line":114,"column":15},"end":{"line":114,"column":18}},"loc":{"start":{"line":114,"column":21},"end":{"line":116,"column":3}}},"11":{"name":"omit","decl":{"start":{"line":121,"column":16},"end":{"line":121,"column":20}},"loc":{"start":{"line":123,"column":11},"end":{"line":130,"column":1}}},"12":{"name":"(anonymous_12)","decl":{"start":{"line":126,"column":15},"end":{"line":126,"column":18}},"loc":{"start":{"line":126,"column":21},"end":{"line":128,"column":3}}}},"branchMap":{"0":{"loc":{"start":{"line":22,"column":20},"end":{"line":22,"column":65}},"type":"binary-expr","locations":[{"start":{"line":22,"column":20},"end":{"line":22,"column":32}},{"start":{"line":22,"column":36},"end":{"line":22,"column":50}},{"start":{"line":22,"column":54},"end":{"line":22,"column":65}}]},"1":{"loc":{"start":{"line":27,"column":16},"end":{"line":27,"column":63}},"type":"cond-expr","locations":[{"start":{"line":27,"column":42},"end":{"line":27,"column":57}},{"start":{"line":27,"column":60},"end":{"line":27,"column":63}}]},"2":{"loc":{"start":{"line":28,"column":4},"end":{"line":30,"column":5}},"type":"if","locations":[{"start":{"line":28,"column":4},"end":{"line":30,"column":5}}]},"3":{"loc":{"start":{"line":37,"column":16},"end":{"line":37,"column":65}},"type":"cond-expr","locations":[{"start":{"line":37,"column":42},"end":{"line":37,"column":59}},{"start":{"line":37,"column":62},"end":{"line":37,"column":65}}]},"4":{"loc":{"start":{"line":38,"column":4},"end":{"line":40,"column":5}},"type":"if","locations":[{"start":{"line":38,"column":4},"end":{"line":40,"column":5}}]},"5":{"loc":{"start":{"line":38,"column":8},"end":{"line":38,"column":44}},"type":"binary-expr","locations":[{"start":{"line":38,"column":8},"end":{"line":38,"column":18}},{"start":{"line":38,"column":22},"end":{"line":38,"column":44}}]},"6":{"loc":{"start":{"line":50,"column":2},"end":{"line":50,"column":null}},"type":"if","locations":[{"start":{"line":50,"column":2},"end":{"line":50,"column":null}}]},"7":{"loc":{"start":{"line":50,"column":6},"end":{"line":50,"column":32}},"type":"binary-expr","locations":[{"start":{"line":50,"column":6},"end":{"line":50,"column":15}},{"start":{"line":50,"column":19},"end":{"line":50,"column":32}}]},"8":{"loc":{"start":{"line":51,"column":2},"end":{"line":51,"column":null}},"type":"if","locations":[{"start":{"line":51,"column":2},"end":{"line":51,"column":null}}]},"9":{"loc":{"start":{"line":51,"column":6},"end":{"line":51,"column":56}},"type":"binary-expr","locations":[{"start":{"line":51,"column":6},"end":{"line":51,"column":16}},{"start":{"line":51,"column":21},"end":{"line":51,"column":35}},{"start":{"line":51,"column":39},"end":{"line":51,"column":55}}]},"10":{"loc":{"start":{"line":52,"column":2},"end":{"line":52,"column":null}},"type":"if","locations":[{"start":{"line":52,"column":2},"end":{"line":52,"column":null}}]},"11":{"loc":{"start":{"line":52,"column":6},"end":{"line":52,"column":36}},"type":"binary-expr","locations":[{"start":{"line":52,"column":6},"end":{"line":52,"column":17}},{"start":{"line":52,"column":21},"end":{"line":52,"column":36}}]},"12":{"loc":{"start":{"line":80,"column":12},"end":{"line":80,"column":33}},"type":"binary-expr","locations":[{"start":{"line":80,"column":12},"end":{"line":80,"column":18}},{"start":{"line":80,"column":22},"end":{"line":80,"column":33}}]},"13":{"loc":{"start":{"line":90,"column":4},"end":{"line":92,"column":5}},"type":"if","locations":[{"start":{"line":90,"column":4},"end":{"line":92,"column":5}}]},"14":{"loc":{"start":{"line":90,"column":8},"end":{"line":90,"column":38}},"type":"binary-expr","locations":[{"start":{"line":90,"column":8},"end":{"line":90,"column":22}},{"start":{"line":90,"column":26},"end":{"line":90,"column":38}}]}},"s":{"0":0,"1":0,"2":0,"3":0,"4":0,"5":0,"6":0,"7":0,"8":0,"9":0,"10":0,"11":0,"12":0,"13":0,"14":0,"15":0,"16":0,"17":0,"18":0,"19":0,"20":0,"21":0,"22":0,"23":0,"24":0,"25":0,"26":0,"27":0,"28":0,"29":0,"30":0,"31":0,"32":0,"33":0,"34":0,"35":0,"36":0,"37":0,"38":0,"39":0,"40":0,"41":0,"42":0,"43":0,"44":0,"45":0,"46":0,"47":0,"48":0},"f":{"0":0,"1":0,"2":0,"3":0,"4":0,"5":0,"6":0,"7":0,"8":0,"9":0,"10":0,"11":0,"12":0},"b":{"0":[0,0,0],"1":[0,0],"2":[0],"3":[0,0],"4":[0],"5":[0,0],"6":[0],"7":[0,0],"8":[0],"9":[0,0,0],"10":[0],"11":[0,0],"12":[0,0],"13":[0],"14":[0,0]}}
,"/Users/amirossanloo/Desktop/Sky in the sea/Internal/Packages/pkg-sits-node-manager/packages/node-service/src/middleware/validation/validate-request-joi.ts": {"path":"/Users/amirossanloo/Desktop/Sky in the sea/Internal/Packages/pkg-sits-node-manager/packages/node-service/src/middleware/validation/validate-request-joi.ts","statementMap":{"0":{"start":{"line":17,"column":2},"end":{"line":70,"column":3}},"1":{"start":{"line":18,"column":2},"end":{"line":70,"column":3}},"2":{"start":{"line":19,"column":4},"end":{"line":19,"column":null}},"3":{"start":{"line":21,"column":4},"end":{"line":69,"column":5}},"4":{"start":{"line":22,"column":6},"end":{"line":30,"column":7}},"5":{"start":{"line":23,"column":8},"end":{"line":29,"column":null}},"6":{"start":{"line":24,"column":10},"end":{"line":28,"column":11}},"7":{"start":{"line":25,"column":12},"end":{"line":25,"column":null}},"8":{"start":{"line":26,"column":17},"end":{"line":28,"column":11}},"9":{"start":{"line":27,"column":12},"end":{"line":27,"column":null}},"10":{"start":{"line":32,"column":6},"end":{"line":40,"column":7}},"11":{"start":{"line":33,"column":26},"end":{"line":33,"column":80}},"12":{"start":{"line":35,"column":8},"end":{"line":37,"column":9}},"13":{"start":{"line":36,"column":10},"end":{"line":36,"column":null}},"14":{"start":{"line":39,"column":8},"end":{"line":39,"column":null}},"15":{"start":{"line":42,"column":6},"end":{"line":50,"column":7}},"16":{"start":{"line":43,"column":26},"end":{"line":43,"column":82}},"17":{"start":{"line":45,"column":8},"end":{"line":47,"column":9}},"18":{"start":{"line":46,"column":10},"end":{"line":46,"column":null}},"19":{"start":{"line":49,"column":8},"end":{"line":49,"column":null}},"20":{"start":{"line":52,"column":6},"end":{"line":60,"column":7}},"21":{"start":{"line":53,"column":26},"end":{"line":53,"column":84}},"22":{"start":{"line":55,"column":8},"end":{"line":57,"column":9}},"23":{"start":{"line":56,"column":10},"end":{"line":56,"column":null}},"24":{"start":{"line":59,"column":8},"end":{"line":59,"column":null}},"25":{"start":{"line":62,"column":6},"end":{"line":62,"column":null}},"26":{"start":{"line":64,"column":6},"end":{"line":66,"column":7}},"27":{"start":{"line":65,"column":8},"end":{"line":65,"column":null}},"28":{"start":{"line":68,"column":6},"end":{"line":68,"column":null}}},"fnMap":{"0":{"name":"(anonymous_0)","decl":{"start":{"line":17,"column":2},"end":{"line":17,"column":3}},"loc":{"start":{"line":18,"column":2},"end":{"line":70,"column":3}}},"1":{"name":"(anonymous_1)","decl":{"start":{"line":18,"column":2},"end":{"line":18,"column":3}},"loc":{"start":{"line":18,"column":62},"end":{"line":70,"column":3}}},"2":{"name":"(anonymous_2)","decl":{"start":{"line":23,"column":41},"end":{"line":23,"column":42}},"loc":{"start":{"line":23,"column":58},"end":{"line":29,"column":9}}}},"branchMap":{"0":{"loc":{"start":{"line":22,"column":6},"end":{"line":30,"column":7}},"type":"if","locations":[{"start":{"line":22,"column":6},"end":{"line":30,"column":7}}]},"1":{"loc":{"start":{"line":24,"column":10},"end":{"line":28,"column":11}},"type":"if","locations":[{"start":{"line":24,"column":10},"end":{"line":28,"column":11}},{"start":{"line":26,"column":17},"end":{"line":28,"column":11}}]},"2":{"loc":{"start":{"line":26,"column":17},"end":{"line":28,"column":11}},"type":"if","locations":[{"start":{"line":26,"column":17},"end":{"line":28,"column":11}}]},"3":{"loc":{"start":{"line":32,"column":6},"end":{"line":40,"column":7}},"type":"if","locations":[{"start":{"line":32,"column":6},"end":{"line":40,"column":7}}]},"4":{"loc":{"start":{"line":35,"column":8},"end":{"line":37,"column":9}},"type":"if","locations":[{"start":{"line":35,"column":8},"end":{"line":37,"column":9}}]},"5":{"loc":{"start":{"line":42,"column":6},"end":{"line":50,"column":7}},"type":"if","locations":[{"start":{"line":42,"column":6},"end":{"line":50,"column":7}}]},"6":{"loc":{"start":{"line":45,"column":8},"end":{"line":47,"column":9}},"type":"if","locations":[{"start":{"line":45,"column":8},"end":{"line":47,"column":9}}]},"7":{"loc":{"start":{"line":52,"column":6},"end":{"line":60,"column":7}},"type":"if","locations":[{"start":{"line":52,"column":6},"end":{"line":60,"column":7}}]},"8":{"loc":{"start":{"line":55,"column":8},"end":{"line":57,"column":9}},"type":"if","locations":[{"start":{"line":55,"column":8},"end":{"line":57,"column":9}}]},"9":{"loc":{"start":{"line":64,"column":6},"end":{"line":66,"column":7}},"type":"if","locations":[{"start":{"line":64,"column":6},"end":{"line":66,"column":7}}]}},"s":{"0":0,"1":0,"2":0,"3":0,"4":0,"5":0,"6":0,"7":0,"8":0,"9":0,"10":0,"11":0,"12":0,"13":0,"14":0,"15":0,"16":0,"17":0,"18":0,"19":0,"20":0,"21":0,"22":0,"23":0,"24":0,"25":0,"26":0,"27":0,"28":0},"f":{"0":0,"1":0,"2":0},"b":{"0":[0],"1":[0,0],"2":[0],"3":[0],"4":[0],"5":[0],"6":[0],"7":[0],"8":[0],"9":[0]}}
,"/Users/amirossanloo/Desktop/Sky in the sea/Internal/Packages/pkg-sits-node-manager/packages/node-service/src/middleware/validation/validate-request.ts": {"path":"/Users/amirossanloo/Desktop/Sky in the sea/Internal/Packages/pkg-sits-node-manager/packages/node-service/src/middleware/validation/validate-request.ts","statementMap":{"0":{"start":{"line":40,"column":2},"end":{"line":102,"column":3}},"1":{"start":{"line":41,"column":2},"end":{"line":102,"column":3}},"2":{"start":{"line":42,"column":4},"end":{"line":42,"column":null}},"3":{"start":{"line":44,"column":4},"end":{"line":101,"column":5}},"4":{"start":{"line":46,"column":6},"end":{"line":57,"column":7}},"5":{"start":{"line":47,"column":23},"end":{"line":47,"column":55}},"6":{"start":{"line":49,"column":8},"end":{"line":54,"column":9}},"7":{"start":{"line":50,"column":10},"end":{"line":53,"column":null}},"8":{"start":{"line":56,"column":8},"end":{"line":56,"column":null}},"9":{"start":{"line":60,"column":6},"end":{"line":76,"column":7}},"10":{"start":{"line":62,"column":23},"end":{"line":64,"column":25}},"11":{"start":{"line":66,"column":23},"end":{"line":66,"column":50}},"12":{"start":{"line":68,"column":8},"end":{"line":73,"column":9}},"13":{"start":{"line":69,"column":10},"end":{"line":72,"column":null}},"14":{"start":{"line":75,"column":8},"end":{"line":75,"column":null}},"15":{"start":{"line":79,"column":6},"end":{"line":90,"column":7}},"16":{"start":{"line":80,"column":23},"end":{"line":80,"column":59}},"17":{"start":{"line":82,"column":8},"end":{"line":87,"column":9}},"18":{"start":{"line":83,"column":10},"end":{"line":86,"column":null}},"19":{"start":{"line":89,"column":8},"end":{"line":89,"column":null}},"20":{"start":{"line":92,"column":6},"end":{"line":92,"column":null}},"21":{"start":{"line":95,"column":6},"end":{"line":97,"column":7}},"22":{"start":{"line":96,"column":8},"end":{"line":96,"column":null}},"23":{"start":{"line":100,"column":6},"end":{"line":100,"column":null}},"24":{"start":{"line":108,"column":17},"end":{"line":111,"column":4}},"25":{"start":{"line":109,"column":17},"end":{"line":109,"column":37}},"26":{"start":{"line":110,"column":4},"end":{"line":110,"column":null}},"27":{"start":{"line":113,"column":2},"end":{"line":113,"column":null}},"28":{"start":{"line":120,"column":38},"end":{"line":120,"column":40}},"29":{"start":{"line":122,"column":2},"end":{"line":135,"column":null}},"30":{"start":{"line":123,"column":17},"end":{"line":123,"column":50}},"31":{"start":{"line":124,"column":4},"end":{"line":126,"column":5}},"32":{"start":{"line":125,"column":6},"end":{"line":125,"column":null}},"33":{"start":{"line":127,"column":4},"end":{"line":134,"column":null}},"34":{"start":{"line":137,"column":2},"end":{"line":137,"column":null}}},"fnMap":{"0":{"name":"(anonymous_0)","decl":{"start":{"line":40,"column":2},"end":{"line":40,"column":3}},"loc":{"start":{"line":41,"column":2},"end":{"line":102,"column":3}}},"1":{"name":"(anonymous_1)","decl":{"start":{"line":41,"column":2},"end":{"line":41,"column":3}},"loc":{"start":{"line":41,"column":62},"end":{"line":102,"column":3}}},"2":{"name":"formatZodError","decl":{"start":{"line":107,"column":9},"end":{"line":107,"column":23}},"loc":{"start":{"line":107,"column":39},"end":{"line":114,"column":1}}},"3":{"name":"(anonymous_3)","decl":{"start":{"line":108,"column":34},"end":{"line":108,"column":39}},"loc":{"start":{"line":108,"column":42},"end":{"line":111,"column":3}}},"4":{"name":"formatZodErrors","decl":{"start":{"line":119,"column":9},"end":{"line":119,"column":24}},"loc":{"start":{"line":119,"column":40},"end":{"line":138,"column":1}}},"5":{"name":"(anonymous_5)","decl":{"start":{"line":122,"column":23},"end":{"line":122,"column":28}},"loc":{"start":{"line":122,"column":31},"end":{"line":135,"column":3}}}},"branchMap":{"0":{"loc":{"start":{"line":46,"column":6},"end":{"line":57,"column":7}},"type":"if","locations":[{"start":{"line":46,"column":6},"end":{"line":57,"column":7}}]},"1":{"loc":{"start":{"line":49,"column":8},"end":{"line":54,"column":9}},"type":"if","locations":[{"start":{"line":49,"column":8},"end":{"line":54,"column":9}}]},"2":{"loc":{"start":{"line":60,"column":6},"end":{"line":76,"column":7}},"type":"if","locations":[{"start":{"line":60,"column":6},"end":{"line":76,"column":7}}]},"3":{"loc":{"start":{"line":62,"column":23},"end":{"line":64,"column":25}},"type":"cond-expr","locations":[{"start":{"line":63,"column":12},"end":{"line":63,"column":25}},{"start":{"line":64,"column":12},"end":{"line":64,"column":25}}]},"4":{"loc":{"start":{"line":68,"column":8},"end":{"line":73,"column":9}},"type":"if","locations":[{"start":{"line":68,"column":8},"end":{"line":73,"column":9}}]},"5":{"loc":{"start":{"line":79,"column":6},"end":{"line":90,"column":7}},"type":"if","locations":[{"start":{"line":79,"column":6},"end":{"line":90,"column":7}}]},"6":{"loc":{"start":{"line":82,"column":8},"end":{"line":87,"column":9}},"type":"if","locations":[{"start":{"line":82,"column":8},"end":{"line":87,"column":9}}]},"7":{"loc":{"start":{"line":95,"column":6},"end":{"line":97,"column":7}},"type":"if","locations":[{"start":{"line":95,"column":6},"end":{"line":97,"column":7}}]},"8":{"loc":{"start":{"line":110,"column":11},"end":{"line":110,"column":61}},"type":"cond-expr","locations":[{"start":{"line":110,"column":18},"end":{"line":110,"column":45}},{"start":{"line":110,"column":48},"end":{"line":110,"column":61}}]},"9":{"loc":{"start":{"line":123,"column":17},"end":{"line":123,"column":50}},"type":"binary-expr","locations":[{"start":{"line":123,"column":17},"end":{"line":123,"column":37}},{"start":{"line":123,"column":41},"end":{"line":123,"column":50}}]},"10":{"loc":{"start":{"line":124,"column":4},"end":{"line":126,"column":5}},"type":"if","locations":[{"start":{"line":124,"column":4},"end":{"line":126,"column":5}}]},"11":{"loc":{"start":{"line":130,"column":10},"end":{"line":133,"column":8}},"type":"binary-expr","locations":[{"start":{"line":130,"column":10},"end":{"line":130,"column":39}},{"start":{"line":130,"column":43},"end":{"line":133,"column":8}}]}},"s":{"0":1,"1":7,"2":7,"3":7,"4":7,"5":4,"6":4,"7":2,"8":2,"9":5,"10":2,"11":2,"12":2,"13":0,"14":2,"15":5,"16":3,"17":3,"18":1,"19":2,"20":4,"21":3,"22":3,"23":0,"24":3,"25":5,"26":5,"27":3,"28":3,"29":3,"30":5,"31":5,"32":5,"33":5,"34":3},"f":{"0":7,"1":7,"2":3,"3":5,"4":3,"5":5},"b":{"0":[4],"1":[2],"2":[2],"3":[0,2],"4":[0],"5":[3],"6":[1],"7":[3],"8":[5,0],"9":[5,0],"10":[5],"11":[5,0]}}
,"/Users/amirossanloo/Desktop/Sky in the sea/Internal/Packages/pkg-sits-node-manager/packages/node-service/src/utils/logger.ts": {"path":"/Users/amirossanloo/Desktop/Sky in the sea/Internal/Packages/pkg-sits-node-manager/packages/node-service/src/utils/logger.ts","statementMap":{"0":{"start":{"line":22,"column":44},"end":{"line":27,"column":null}},"1":{"start":{"line":29,"column":18},"end":{"line":36,"column":1}},"2":{"start":{"line":30,"column":26},"end":{"line":30,"column":85}},"3":{"start":{"line":31,"column":17},"end":{"line":31,"column":64}},"4":{"start":{"line":33,"column":2},"end":{"line":33,"column":null}},"5":{"start":{"line":33,"column":14},"end":{"line":33,"column":null}},"6":{"start":{"line":35,"column":2},"end":{"line":35,"column":null}},"7":{"start":{"line":38,"column":18},"end":{"line":66,"column":1}},"8":{"start":{"line":39,"column":17},"end":{"line":39,"column":65}},"9":{"start":{"line":40,"column":20},"end":{"line":40,"column":44}},"10":{"start":{"line":42,"column":2},"end":{"line":65,"column":3}},"11":{"start":{"line":43,"column":21},"end":{"line":48,"column":null}},"12":{"start":{"line":49,"column":4},"end":{"line":49,"column":null}},"13":{"start":{"line":52,"column":19},"end":{"line":57,"column":null}},"14":{"start":{"line":58,"column":16},"end":{"line":58,"column":87}},"15":{"start":{"line":60,"column":4},"end":{"line":64,"column":5}},"16":{"start":{"line":61,"column":6},"end":{"line":61,"column":null}},"17":{"start":{"line":63,"column":6},"end":{"line":63,"column":null}},"18":{"start":{"line":68,"column":23},"end":{"line":89,"column":null}},"19":{"start":{"line":70,"column":4},"end":{"line":72,"column":5}},"20":{"start":{"line":71,"column":6},"end":{"line":71,"column":null}},"21":{"start":{"line":75,"column":4},"end":{"line":77,"column":5}},"22":{"start":{"line":76,"column":6},"end":{"line":76,"column":null}},"23":{"start":{"line":80,"column":4},"end":{"line":82,"column":5}},"24":{"start":{"line":81,"column":6},"end":{"line":81,"column":null}},"25":{"start":{"line":85,"column":4},"end":{"line":87,"column":5}},"26":{"start":{"line":86,"column":6},"end":{"line":86,"column":null}}},"fnMap":{"0":{"name":"(anonymous_0)","decl":{"start":{"line":29,"column":18},"end":{"line":29,"column":19}},"loc":{"start":{"line":29,"column":47},"end":{"line":36,"column":1}}},"1":{"name":"(anonymous_1)","decl":{"start":{"line":38,"column":18},"end":{"line":38,"column":19}},"loc":{"start":{"line":38,"column":87},"end":{"line":66,"column":1}}},"2":{"name":"(anonymous_2)","decl":{"start":{"line":69,"column":9},"end":{"line":69,"column":10}},"loc":{"start":{"line":69,"column":45},"end":{"line":73,"column":3}}},"3":{"name":"(anonymous_3)","decl":{"start":{"line":74,"column":8},"end":{"line":74,"column":9}},"loc":{"start":{"line":74,"column":44},"end":{"line":78,"column":3}}},"4":{"name":"(anonymous_4)","decl":{"start":{"line":79,"column":8},"end":{"line":79,"column":9}},"loc":{"start":{"line":79,"column":44},"end":{"line":83,"column":3}}},"5":{"name":"(anonymous_5)","decl":{"start":{"line":84,"column":9},"end":{"line":84,"column":10}},"loc":{"start":{"line":84,"column":47},"end":{"line":88,"column":3}}}},"branchMap":{"0":{"loc":{"start":{"line":33,"column":2},"end":{"line":33,"column":null}},"type":"if","locations":[{"start":{"line":33,"column":2},"end":{"line":33,"column":null}}]},"1":{"loc":{"start":{"line":42,"column":2},"end":{"line":65,"column":3}},"type":"if","locations":[{"start":{"line":42,"column":2},"end":{"line":65,"column":3}},{"start":{"line":50,"column":9},"end":{"line":65,"column":3}}]},"2":{"loc":{"start":{"line":60,"column":4},"end":{"line":64,"column":5}},"type":"if","locations":[{"start":{"line":60,"column":4},"end":{"line":64,"column":5}},{"start":{"line":62,"column":11},"end":{"line":64,"column":5}}]},"3":{"loc":{"start":{"line":70,"column":4},"end":{"line":72,"column":5}},"type":"if","locations":[{"start":{"line":70,"column":4},"end":{"line":72,"column":5}}]},"4":{"loc":{"start":{"line":75,"column":4},"end":{"line":77,"column":5}},"type":"if","locations":[{"start":{"line":75,"column":4},"end":{"line":77,"column":5}}]},"5":{"loc":{"start":{"line":80,"column":4},"end":{"line":82,"column":5}},"type":"if","locations":[{"start":{"line":80,"column":4},"end":{"line":82,"column":5}}]},"6":{"loc":{"start":{"line":85,"column":4},"end":{"line":87,"column":5}},"type":"if","locations":[{"start":{"line":85,"column":4},"end":{"line":87,"column":5}}]}},"s":{"0":0,"1":0,"2":0,"3":0,"4":0,"5":0,"6":0,"7":0,"8":0,"9":0,"10":0,"11":0,"12":0,"13":0,"14":0,"15":0,"16":0,"17":0,"18":0,"19":0,"20":0,"21":0,"22":0,"23":0,"24":0,"25":0,"26":0},"f":{"0":0,"1":0,"2":0,"3":0,"4":0,"5":0},"b":{"0":[0],"1":[0,0],"2":[0,0],"3":[0],"4":[0],"5":[0],"6":[0]}}
}
