TN:
SF:src/core/app.ts
FN:18,(anonymous_0)
FN:91,(anonymous_1)
FN:97,(anonymous_2)
FN:104,(anonymous_3)
FN:106,(anonymous_4)
FN:116,(anonymous_5)
FNF:6
FNH:0
FNDA:0,(anonymous_0)
FNDA:0,(anonymous_1)
FNDA:0,(anonymous_2)
FNDA:0,(anonymous_3)
FNDA:0,(anonymous_4)
FNDA:0,(anonymous_5)
DA:18,0
DA:19,0
DA:22,0
DA:23,0
DA:24,0
DA:29,0
DA:30,0
DA:45,0
DA:53,0
DA:62,0
DA:63,0
DA:83,0
DA:86,0
DA:87,0
DA:91,0
DA:92,0
DA:96,0
DA:97,0
DA:98,0
DA:99,0
DA:102,0
DA:103,0
DA:104,0
DA:105,0
DA:106,0
DA:110,0
DA:112,0
DA:116,0
DA:117,0
DA:127,0
DA:131,0
LF:31
LH:0
BRDA:29,0,0,0
BRDA:62,1,0,0
BRDA:86,2,0,0
BRDA:96,3,0,0
BRDA:118,4,0,0
BRDA:118,4,1,0
BRDA:127,5,0,0
BRDA:127,5,1,0
BRF:8
BRH:0
end_of_record
TN:
SF:src/core/boot.ts
FN:16,(anonymous_0)
FN:28,(anonymous_1)
FN:31,(anonymous_2)
FN:48,(anonymous_3)
FN:51,(anonymous_4)
FNF:5
FNH:0
FNDA:0,(anonymous_0)
FNDA:0,(anonymous_1)
FNDA:0,(anonymous_2)
FNDA:0,(anonymous_3)
FNDA:0,(anonymous_4)
DA:8,0
DA:16,0
DA:17,0
DA:18,0
DA:20,0
DA:26,0
DA:28,0
DA:29,0
DA:31,0
DA:32,0
DA:33,0
DA:34,0
DA:36,0
DA:37,0
DA:41,0
DA:42,0
DA:46,0
DA:48,0
DA:49,0
DA:51,0
DA:52,0
DA:53,0
DA:54,0
DA:56,0
DA:57,0
DA:61,0
DA:62,0
LF:27
LH:0
BRF:0
BRH:0
end_of_record
TN:
SF:src/core/config.ts
FN:153,getServiceConfig
FN:170,getConfigValue
FNF:2
FNH:0
FNDA:0,getServiceConfig
FNDA:0,getConfigValue
DA:7,0
DA:154,0
DA:156,0
DA:159,0
DA:162,0
DA:163,0
DA:171,0
DA:172,0
DA:174,0
DA:175,0
DA:176,0
DA:178,0
DA:182,0
DA:186,0
LF:14
LH:0
BRDA:175,0,0,0
BRDA:175,0,1,0
BRDA:175,1,0,0
BRDA:175,1,1,0
BRDA:175,1,2,0
BRF:5
BRH:0
end_of_record
TN:
SF:src/core/server.ts
FN:16,(anonymous_0)
FN:24,(anonymous_1)
FN:25,(anonymous_2)
FN:30,(anonymous_3)
FN:43,(anonymous_4)
FN:44,(anonymous_5)
FN:45,(anonymous_6)
FNF:7
FNH:5
FNDA:1,(anonymous_0)
FNDA:1,(anonymous_1)
FNDA:0,(anonymous_2)
FNDA:0,(anonymous_3)
FNDA:1,(anonymous_4)
FNDA:1,(anonymous_5)
FNDA:1,(anonymous_6)
DA:16,1
DA:17,1
DA:18,0
DA:21,1
DA:22,1
DA:24,1
DA:25,1
DA:26,0
DA:30,1
DA:31,0
DA:33,0
DA:34,0
DA:36,0
DA:37,0
DA:39,0
DA:43,1
DA:44,1
DA:45,1
DA:46,1
DA:49,1
DA:50,1
DA:53,1
DA:54,1
DA:57,0
DA:58,0
DA:60,0
DA:63,0
DA:66,1
DA:69,1
DA:73,1
DA:74,1
DA:76,1
DA:77,1
DA:79,0
DA:80,0
DA:83,1
LF:36
LH:22
BRDA:17,0,0,0
BRDA:31,1,0,0
BRDA:31,1,1,0
BRDA:31,1,2,0
BRDA:49,2,0,1
BRDA:49,2,1,0
BRDA:50,3,0,1
BRDA:50,3,1,1
BRDA:50,3,2,0
BRDA:50,3,3,0
BRDA:50,3,4,0
BRDA:60,4,0,0
BRDA:60,4,1,0
BRF:13
BRH:3
end_of_record
TN:
SF:src/core/service.ts
FN:33,(anonymous_0)
FN:36,(anonymous_1)
FN:52,(anonymous_2)
FN:59,(anonymous_3)
FN:70,(anonymous_4)
FN:71,(anonymous_5)
FNF:6
FNH:0
FNDA:0,(anonymous_0)
FNDA:0,(anonymous_1)
FNDA:0,(anonymous_2)
FNDA:0,(anonymous_3)
FNDA:0,(anonymous_4)
FNDA:0,(anonymous_5)
DA:20,0
DA:33,0
DA:34,0
DA:36,0
DA:37,0
DA:38,0
DA:41,0
DA:43,0
DA:48,0
DA:49,0
DA:52,0
DA:53,0
DA:54,0
DA:57,0
DA:59,0
DA:60,0
DA:63,0
DA:70,0
DA:71,0
DA:72,0
DA:73,0
DA:77,0
DA:82,0
LF:23
LH:0
BRDA:36,0,0,0
BRDA:37,1,0,0
BRDA:48,2,0,0
BRDA:52,3,0,0
BRDA:53,4,0,0
BRDA:60,5,0,0
BRDA:60,5,1,0
BRDA:70,6,0,0
BRF:8
BRH:0
end_of_record
TN:
SF:src/core/shutdown.ts
FN:13,(anonymous_0)
FN:14,(anonymous_1)
FN:15,(anonymous_2)
FN:37,(anonymous_3)
FN:38,(anonymous_4)
FNF:5
FNH:5
FNDA:1,(anonymous_0)
FNDA:1,(anonymous_1)
FNDA:1,(anonymous_2)
FNDA:1,(anonymous_3)
FNDA:1,(anonymous_4)
DA:13,1
DA:14,1
DA:15,1
DA:16,1
DA:18,0
DA:19,0
DA:21,0
DA:22,0
DA:24,0
DA:25,0
DA:29,1
DA:30,1
DA:32,0
DA:35,1
DA:37,1
DA:38,1
DA:39,1
DA:40,0
DA:43,1
DA:44,1
DA:46,0
DA:49,1
DA:53,1
LF:23
LH:14
BRDA:16,0,0,0
BRDA:16,0,1,0
BRDA:16,0,2,0
BRDA:16,0,3,0
BRDA:16,0,4,1
BRDA:16,0,5,1
BRDA:16,0,6,0
BRDA:39,1,0,0
BRF:8
BRH:2
end_of_record
TN:
SF:src/errors/AuthenticationError.ts
FN:7,(anonymous_0)
FNF:1
FNH:1
FNDA:2,(anonymous_0)
DA:8,2
DA:9,2
LF:2
LH:2
BRDA:7,0,0,1
BRF:1
BRH:1
end_of_record
TN:
SF:src/errors/AuthorizationError.ts
FN:7,(anonymous_0)
FNF:1
FNH:1
FNDA:2,(anonymous_0)
DA:8,2
DA:9,2
LF:2
LH:2
BRDA:7,0,0,1
BRF:1
BRH:1
end_of_record
TN:
SF:src/errors/BasicError.ts
FN:9,(anonymous_0)
FN:24,(anonymous_1)
FNF:2
FNH:2
FNDA:18,(anonymous_0)
FNDA:1,(anonymous_1)
DA:10,18
DA:11,18
DA:12,18
DA:13,18
DA:16,18
DA:17,18
DA:25,1
LF:7
LH:7
BRDA:9,0,0,1
BRDA:16,1,0,18
BRF:2
BRH:2
end_of_record
TN:
SF:src/errors/ConflictError.ts
FN:7,(anonymous_0)
FNF:1
FNH:1
FNDA:2,(anonymous_0)
DA:8,2
DA:9,2
LF:2
LH:2
BRDA:7,0,0,1
BRF:1
BRH:1
end_of_record
TN:
SF:src/errors/NotFoundError.ts
FN:7,(anonymous_0)
FNF:1
FNH:1
FNDA:2,(anonymous_0)
DA:8,2
DA:9,2
LF:2
LH:2
BRDA:7,0,0,1
BRF:1
BRH:1
end_of_record
TN:
SF:src/errors/ValidationError.ts
FN:7,(anonymous_0)
FNF:1
FNH:1
FNDA:6,(anonymous_0)
DA:8,6
DA:9,6
LF:2
LH:2
BRF:0
BRH:0
end_of_record
TN:
SF:src/middleware/auth/auth.ts
FN:8,(anonymous_0)
FN:8,(anonymous_1)
FNF:2
FNH:2
FNDA:6,(anonymous_0)
FNDA:6,(anonymous_1)
DA:8,6
DA:9,6
DA:10,1
DA:13,5
DA:14,5
DA:16,5
DA:17,5
DA:18,2
DA:21,3
DA:22,3
DA:24,2
DA:25,1
DA:28,1
DA:30,1
DA:35,1
DA:37,4
LF:16
LH:16
BRDA:9,0,0,1
BRDA:17,1,0,2
BRDA:17,2,0,5
BRDA:17,2,1,4
BRDA:24,3,0,1
BRDA:24,4,0,2
BRDA:24,4,1,2
BRF:7
BRH:7
end_of_record
TN:
SF:src/middleware/auth/isSecurePath.ts
FN:5,(anonymous_0)
FN:11,(anonymous_1)
FN:14,(anonymous_2)
FNF:3
FNH:3
FNDA:3,(anonymous_0)
FNDA:3,(anonymous_1)
FNDA:2,(anonymous_2)
DA:5,1
DA:6,3
DA:7,3
DA:8,3
DA:11,3
DA:14,3
DA:15,1
DA:18,2
LF:8
LH:8
BRDA:14,0,0,1
BRDA:14,1,0,3
BRDA:14,1,1,2
BRF:3
BRH:3
end_of_record
TN:
SF:src/middleware/error-handler/index.ts
FN:5,(anonymous_0)
FNF:1
FNH:0
FNDA:0,(anonymous_0)
DA:5,0
DA:11,0
DA:14,0
DA:15,0
DA:18,0
DA:29,0
DA:30,0
DA:41,0
LF:8
LH:0
BRDA:14,0,0,0
BRDA:24,1,0,0
BRDA:24,1,1,0
BRDA:29,2,0,0
BRDA:35,3,0,0
BRDA:35,3,1,0
BRDA:44,4,0,0
BRDA:44,4,1,0
BRDA:45,5,0,0
BRDA:45,5,1,0
BRF:10
BRH:0
end_of_record
TN:
SF:src/middleware/logging/context.ts
FN:4,(anonymous_0)
FN:4,(anonymous_1)
FNF:2
FNH:0
FNDA:0,(anonymous_0)
FNDA:0,(anonymous_1)
DA:4,0
DA:5,0
DA:6,0
DA:8,0
LF:4
LH:0
BRDA:6,0,0,0
BRDA:6,0,1,0
BRF:2
BRH:0
end_of_record
TN:
SF:src/middleware/logging/correlation-id.ts
FN:8,(anonymous_0)
FN:8,(anonymous_1)
FNF:2
FNH:2
FNDA:2,(anonymous_0)
FNDA:2,(anonymous_1)
DA:6,1
DA:8,2
DA:9,2
DA:10,2
DA:11,2
DA:13,2
DA:15,2
LF:7
LH:7
BRF:0
BRH:0
end_of_record
TN:
SF:src/middleware/logging/logger.ts
FN:5,(anonymous_0)
FN:5,(anonymous_1)
FNF:2
FNH:0
FNDA:0,(anonymous_0)
FNDA:0,(anonymous_1)
DA:5,0
DA:6,0
DA:7,0
DA:9,0
LF:4
LH:0
BRDA:7,0,0,0
BRDA:7,0,1,0
BRF:2
BRH:0
end_of_record
TN:
SF:src/middleware/validation/schemas.ts
FN:22,(anonymous_0)
FN:26,(anonymous_1)
FN:36,(anonymous_2)
FN:49,(anonymous_3)
FN:59,(anonymous_4)
FN:80,(anonymous_5)
FN:89,(anonymous_6)
FN:99,createSchema
FN:104,partial
FN:109,pick
FN:114,(anonymous_10)
FN:121,omit
FN:126,(anonymous_12)
FNF:13
FNH:0
FNDA:0,(anonymous_0)
FNDA:0,(anonymous_1)
FNDA:0,(anonymous_2)
FNDA:0,(anonymous_3)
FNDA:0,(anonymous_4)
FNDA:0,(anonymous_5)
FNDA:0,(anonymous_6)
FNDA:0,createSchema
FNDA:0,partial
FNDA:0,pick
FNDA:0,(anonymous_10)
FNDA:0,omit
FNDA:0,(anonymous_12)
DA:8,0
DA:9,0
DA:10,0
DA:11,0
DA:12,0
DA:15,0
DA:16,0
DA:17,0
DA:20,0
DA:22,0
DA:24,0
DA:27,0
DA:28,0
DA:29,0
DA:31,0
DA:34,0
DA:37,0
DA:38,0
DA:39,0
DA:41,0
DA:45,0
DA:50,0
DA:51,0
DA:52,0
DA:53,0
DA:59,0
DA:61,0
DA:67,0
DA:71,0
DA:76,0
DA:80,0
DA:85,0
DA:90,0
DA:91,0
DA:93,0
DA:100,0
DA:105,0
DA:113,0
DA:114,0
DA:115,0
DA:117,0
DA:125,0
DA:126,0
DA:127,0
DA:129,0
LF:45
LH:0
BRDA:22,0,0,0
BRDA:22,0,1,0
BRDA:22,0,2,0
BRDA:27,1,0,0
BRDA:27,1,1,0
BRDA:28,2,0,0
BRDA:37,3,0,0
BRDA:37,3,1,0
BRDA:38,4,0,0
BRDA:38,5,0,0
BRDA:38,5,1,0
BRDA:50,6,0,0
BRDA:50,7,0,0
BRDA:50,7,1,0
BRDA:51,8,0,0
BRDA:51,9,0,0
BRDA:51,9,1,0
BRDA:51,9,2,0
BRDA:52,10,0,0
BRDA:52,11,0,0
BRDA:52,11,1,0
BRDA:80,12,0,0
BRDA:80,12,1,0
BRDA:90,13,0,0
BRDA:90,14,0,0
BRDA:90,14,1,0
BRF:26
BRH:0
end_of_record
TN:
SF:src/middleware/validation/validate-request-joi.ts
FN:17,(anonymous_0)
FN:18,(anonymous_1)
FN:23,(anonymous_2)
FNF:3
FNH:0
FNDA:0,(anonymous_0)
FNDA:0,(anonymous_1)
FNDA:0,(anonymous_2)
DA:17,0
DA:18,0
DA:19,0
DA:21,0
DA:22,0
DA:23,0
DA:24,0
DA:25,0
DA:26,0
DA:27,0
DA:32,0
DA:33,0
DA:35,0
DA:36,0
DA:39,0
DA:42,0
DA:43,0
DA:45,0
DA:46,0
DA:49,0
DA:52,0
DA:53,0
DA:55,0
DA:56,0
DA:59,0
DA:62,0
DA:64,0
DA:65,0
DA:68,0
LF:29
LH:0
BRDA:22,0,0,0
BRDA:24,1,0,0
BRDA:24,1,1,0
BRDA:26,2,0,0
BRDA:32,3,0,0
BRDA:35,4,0,0
BRDA:42,5,0,0
BRDA:45,6,0,0
BRDA:52,7,0,0
BRDA:55,8,0,0
BRDA:64,9,0,0
BRF:11
BRH:0
end_of_record
TN:
SF:src/middleware/validation/validate-request.ts
FN:40,(anonymous_0)
FN:41,(anonymous_1)
FN:107,formatZodError
FN:108,(anonymous_3)
FN:119,formatZodErrors
FN:122,(anonymous_5)
FNF:6
FNH:6
FNDA:7,(anonymous_0)
FNDA:7,(anonymous_1)
FNDA:3,formatZodError
FNDA:5,(anonymous_3)
FNDA:3,formatZodErrors
FNDA:5,(anonymous_5)
DA:40,1
DA:41,7
DA:42,7
DA:44,7
DA:46,7
DA:47,4
DA:49,4
DA:50,2
DA:56,2
DA:60,5
DA:62,2
DA:66,2
DA:68,2
DA:69,0
DA:75,2
DA:79,5
DA:80,3
DA:82,3
DA:83,1
DA:89,2
DA:92,4
DA:95,3
DA:96,3
DA:100,0
DA:108,3
DA:109,5
DA:110,5
DA:113,3
DA:120,3
DA:122,3
DA:123,5
DA:124,5
DA:125,5
DA:127,5
DA:137,3
LF:35
LH:33
BRDA:46,0,0,4
BRDA:49,1,0,2
BRDA:60,2,0,2
BRDA:62,3,0,0
BRDA:62,3,1,2
BRDA:68,4,0,0
BRDA:79,5,0,3
BRDA:82,6,0,1
BRDA:95,7,0,3
BRDA:110,8,0,5
BRDA:110,8,1,0
BRDA:123,9,0,5
BRDA:123,9,1,0
BRDA:124,10,0,5
BRDA:130,11,0,5
BRDA:130,11,1,0
BRF:16
BRH:11
end_of_record
TN:
SF:src/utils/logger.ts
FN:29,(anonymous_0)
FN:38,(anonymous_1)
FN:69,(anonymous_2)
FN:74,(anonymous_3)
FN:79,(anonymous_4)
FN:84,(anonymous_5)
FNF:6
FNH:0
FNDA:0,(anonymous_0)
FNDA:0,(anonymous_1)
FNDA:0,(anonymous_2)
FNDA:0,(anonymous_3)
FNDA:0,(anonymous_4)
FNDA:0,(anonymous_5)
DA:22,0
DA:29,0
DA:30,0
DA:31,0
DA:33,0
DA:35,0
DA:38,0
DA:39,0
DA:40,0
DA:42,0
DA:43,0
DA:49,0
DA:52,0
DA:58,0
DA:60,0
DA:61,0
DA:63,0
DA:68,0
DA:70,0
DA:71,0
DA:75,0
DA:76,0
DA:80,0
DA:81,0
DA:85,0
DA:86,0
LF:26
LH:0
BRDA:33,0,0,0
BRDA:42,1,0,0
BRDA:42,1,1,0
BRDA:60,2,0,0
BRDA:60,2,1,0
BRDA:70,3,0,0
BRDA:75,4,0,0
BRDA:80,5,0,0
BRDA:85,6,0,0
BRF:9
BRH:0
end_of_record
